<?xml version="1.0" encoding="UTF-8"?>
<coverage generated="1642252683143" clover="3.2.0">
  <project timestamp="1642252683143" name="All files">
    <metrics statements="28" coveredstatements="28" conditionals="25" coveredconditionals="24" methods="9" coveredmethods="9" elements="62" coveredelements="61" complexity="0" loc="28" ncloc="28" packages="2" files="3" classes="3"/>
    <package name="math">
      <metrics statements="18" coveredstatements="18" conditionals="24" coveredconditionals="24" methods="4" coveredmethods="4"/>
      <file name="MathBasic.js" path="E:\Learn Folder\dicoding\math\src\math\MathBasic.js">
        <metrics statements="18" coveredstatements="18" conditionals="24" coveredconditionals="24" methods="4" coveredmethods="4"/>
        <line num="1" count="1" type="stmt"/>
        <line num="3" count="10" type="cond" truecount="2" falsecount="0"/>
        <line num="4" count="6" type="stmt"/>
        <line num="5" count="6" type="cond" truecount="4" falsecount="0"/>
        <line num="7" count="3" type="stmt"/>
        <line num="10" count="10" type="cond" truecount="2" falsecount="0"/>
        <line num="11" count="6" type="stmt"/>
        <line num="12" count="6" type="cond" truecount="4" falsecount="0"/>
        <line num="14" count="3" type="stmt"/>
        <line num="17" count="10" type="cond" truecount="2" falsecount="0"/>
        <line num="18" count="6" type="stmt"/>
        <line num="19" count="6" type="cond" truecount="4" falsecount="0"/>
        <line num="21" count="3" type="stmt"/>
        <line num="24" count="10" type="cond" truecount="2" falsecount="0"/>
        <line num="25" count="6" type="stmt"/>
        <line num="26" count="6" type="cond" truecount="4" falsecount="0"/>
        <line num="28" count="3" type="stmt"/>
        <line num="32" count="1" type="stmt"/>
      </file>
    </package>
    <package name="rocket">
      <metrics statements="10" coveredstatements="10" conditionals="1" coveredconditionals="0" methods="5" coveredmethods="5"/>
      <file name="Rocket.js" path="E:\Learn Folder\dicoding\math\src\rocket\Rocket.js">
        <metrics statements="3" coveredstatements="3" conditionals="0" coveredconditionals="0" methods="1" coveredmethods="1"/>
        <line num="3" count="6" type="stmt"/>
        <line num="4" count="6" type="stmt"/>
        <line num="8" count="1" type="stmt"/>
      </file>
      <file name="RocketLauncher.js" path="E:\Learn Folder\dicoding\math\src\rocket\RocketLauncher.js">
        <metrics statements="7" coveredstatements="7" conditionals="1" coveredconditionals="0" methods="4" coveredmethods="4"/>
        <line num="3" count="2" type="stmt"/>
        <line num="7" count="1" type="stmt"/>
        <line num="8" count="3" type="stmt"/>
        <line num="11" count="1" type="stmt"/>
        <line num="15" count="1" type="stmt"/>
        <line num="16" count="1" type="stmt"/>
        <line num="20" count="1" type="stmt"/>
      </file>
    </package>
  </project>
</coverage>
