{"E:\\Learn Folder\\dicoding\\math\\src\\api\\CreateServer.js": {"path":"E:\\Learn Folder\\dicoding\\math\\src\\api\\CreateServer.js","statementMap":{"0":{"start":{"line":1,"column":13},"end":{"line":1,"column":34}},"1":{"start":{"line":3,"column":21},"end":{"line":93,"column":1}},"2":{"start":{"line":4,"column":17},"end":{"line":7,"column":4}},"3":{"start":{"line":9,"column":2},"end":{"line":90,"column":4}},"4":{"start":{"line":14,"column":25},"end":{"line":14,"column":39}},"5":{"start":{"line":15,"column":22},"end":{"line":15,"column":57}},"6":{"start":{"line":17,"column":8},"end":{"line":17,"column":24}},"7":{"start":{"line":24,"column":25},"end":{"line":24,"column":39}},"8":{"start":{"line":25,"column":22},"end":{"line":25,"column":62}},"9":{"start":{"line":27,"column":8},"end":{"line":27,"column":24}},"10":{"start":{"line":34,"column":25},"end":{"line":34,"column":39}},"11":{"start":{"line":35,"column":22},"end":{"line":35,"column":62}},"12":{"start":{"line":37,"column":8},"end":{"line":37,"column":24}},"13":{"start":{"line":44,"column":25},"end":{"line":44,"column":39}},"14":{"start":{"line":45,"column":22},"end":{"line":45,"column":60}},"15":{"start":{"line":47,"column":8},"end":{"line":47,"column":24}},"16":{"start":{"line":54,"column":25},"end":{"line":54,"column":39}},"17":{"start":{"line":55,"column":22},"end":{"line":55,"column":80}},"18":{"start":{"line":57,"column":8},"end":{"line":57,"column":24}},"19":{"start":{"line":64,"column":25},"end":{"line":64,"column":39}},"20":{"start":{"line":65,"column":22},"end":{"line":65,"column":62}},"21":{"start":{"line":67,"column":8},"end":{"line":67,"column":24}},"22":{"start":{"line":74,"column":39},"end":{"line":74,"column":53}},"23":{"start":{"line":75,"column":22},"end":{"line":75,"column":94}},"24":{"start":{"line":77,"column":8},"end":{"line":77,"column":24}},"25":{"start":{"line":84,"column":33},"end":{"line":84,"column":47}},"26":{"start":{"line":85,"column":22},"end":{"line":85,"column":91}},"27":{"start":{"line":87,"column":8},"end":{"line":87,"column":24}},"28":{"start":{"line":92,"column":2},"end":{"line":92,"column":15}},"29":{"start":{"line":95,"column":0},"end":{"line":95,"column":29}}},"fnMap":{"0":{"name":"(anonymous_0)","decl":{"start":{"line":3,"column":21},"end":{"line":3,"column":22}},"loc":{"start":{"line":3,"column":40},"end":{"line":93,"column":1}},"line":3},"1":{"name":"(anonymous_1)","decl":{"start":{"line":13,"column":15},"end":{"line":13,"column":16}},"loc":{"start":{"line":13,"column":28},"end":{"line":18,"column":7}},"line":13},"2":{"name":"(anonymous_2)","decl":{"start":{"line":23,"column":15},"end":{"line":23,"column":16}},"loc":{"start":{"line":23,"column":28},"end":{"line":28,"column":7}},"line":23},"3":{"name":"(anonymous_3)","decl":{"start":{"line":33,"column":15},"end":{"line":33,"column":16}},"loc":{"start":{"line":33,"column":28},"end":{"line":38,"column":7}},"line":33},"4":{"name":"(anonymous_4)","decl":{"start":{"line":43,"column":15},"end":{"line":43,"column":16}},"loc":{"start":{"line":43,"column":28},"end":{"line":48,"column":7}},"line":43},"5":{"name":"(anonymous_5)","decl":{"start":{"line":53,"column":15},"end":{"line":53,"column":16}},"loc":{"start":{"line":53,"column":28},"end":{"line":58,"column":7}},"line":53},"6":{"name":"(anonymous_6)","decl":{"start":{"line":63,"column":15},"end":{"line":63,"column":16}},"loc":{"start":{"line":63,"column":28},"end":{"line":68,"column":7}},"line":63},"7":{"name":"(anonymous_7)","decl":{"start":{"line":73,"column":15},"end":{"line":73,"column":16}},"loc":{"start":{"line":73,"column":28},"end":{"line":78,"column":7}},"line":73},"8":{"name":"(anonymous_8)","decl":{"start":{"line":83,"column":15},"end":{"line":83,"column":16}},"loc":{"start":{"line":83,"column":28},"end":{"line":88,"column":7}},"line":83}},"branchMap":{},"s":{"0":1,"1":1,"2":8,"3":8,"4":1,"5":1,"6":1,"7":1,"8":1,"9":1,"10":1,"11":1,"12":1,"13":1,"14":1,"15":1,"16":1,"17":1,"18":1,"19":1,"20":1,"21":1,"22":1,"23":1,"24":1,"25":1,"26":1,"27":1,"28":8,"29":1},"f":{"0":8,"1":1,"2":1,"3":1,"4":1,"5":1,"6":1,"7":1,"8":1},"b":{},"_coverageSchema":"1a1c01bbd47fc00a2c39e90264f33305004495a9","hash":"76414813265844141d3df58b8b44879da472db3d"}
,"E:\\Learn Folder\\dicoding\\math\\src\\geometry\\FigureCalculator.js": {"path":"E:\\Learn Folder\\dicoding\\math\\src\\geometry\\FigureCalculator.js","statementMap":{"0":{"start":{"line":3,"column":4},"end":{"line":3,"column":31}},"1":{"start":{"line":7,"column":4},"end":{"line":7,"column":75}},"2":{"start":{"line":7,"column":29},"end":{"line":7,"column":73}},"3":{"start":{"line":8,"column":28},"end":{"line":8,"column":32}},"4":{"start":{"line":9,"column":4},"end":{"line":9,"column":113}},"5":{"start":{"line":9,"column":67},"end":{"line":9,"column":111}},"6":{"start":{"line":11,"column":4},"end":{"line":11,"column":76}},"7":{"start":{"line":15,"column":4},"end":{"line":15,"column":75}},"8":{"start":{"line":15,"column":29},"end":{"line":15,"column":73}},"9":{"start":{"line":16,"column":28},"end":{"line":16,"column":32}},"10":{"start":{"line":17,"column":4},"end":{"line":17,"column":113}},"11":{"start":{"line":17,"column":67},"end":{"line":17,"column":111}},"12":{"start":{"line":19,"column":4},"end":{"line":19,"column":50}},"13":{"start":{"line":23,"column":4},"end":{"line":23,"column":76}},"14":{"start":{"line":23,"column":29},"end":{"line":23,"column":74}},"15":{"start":{"line":24,"column":33},"end":{"line":24,"column":37}},"16":{"start":{"line":25,"column":4},"end":{"line":31,"column":5}},"17":{"start":{"line":30,"column":6},"end":{"line":30,"column":50}},"18":{"start":{"line":33,"column":4},"end":{"line":33,"column":71}},"19":{"start":{"line":37,"column":4},"end":{"line":37,"column":76}},"20":{"start":{"line":37,"column":29},"end":{"line":37,"column":74}},"21":{"start":{"line":38,"column":27},"end":{"line":38,"column":31}},"22":{"start":{"line":39,"column":4},"end":{"line":44,"column":5}},"23":{"start":{"line":43,"column":6},"end":{"line":43,"column":50}},"24":{"start":{"line":46,"column":4},"end":{"line":46,"column":76}},"25":{"start":{"line":50,"column":0},"end":{"line":50,"column":33}}},"fnMap":{"0":{"name":"(anonymous_0)","decl":{"start":{"line":2,"column":2},"end":{"line":2,"column":3}},"loc":{"start":{"line":2,"column":25},"end":{"line":4,"column":3}},"line":2},"1":{"name":"(anonymous_1)","decl":{"start":{"line":6,"column":2},"end":{"line":6,"column":3}},"loc":{"start":{"line":6,"column":39},"end":{"line":12,"column":3}},"line":6},"2":{"name":"(anonymous_2)","decl":{"start":{"line":14,"column":2},"end":{"line":14,"column":3}},"loc":{"start":{"line":14,"column":34},"end":{"line":20,"column":3}},"line":14},"3":{"name":"(anonymous_3)","decl":{"start":{"line":22,"column":2},"end":{"line":22,"column":3}},"loc":{"start":{"line":22,"column":38},"end":{"line":34,"column":3}},"line":22},"4":{"name":"(anonymous_4)","decl":{"start":{"line":36,"column":2},"end":{"line":36,"column":3}},"loc":{"start":{"line":36,"column":33},"end":{"line":47,"column":3}},"line":36}},"branchMap":{"0":{"loc":{"start":{"line":7,"column":4},"end":{"line":7,"column":75}},"type":"if","locations":[{"start":{"line":7,"column":4},"end":{"line":7,"column":75}},{"start":{"line":7,"column":4},"end":{"line":7,"column":75}}],"line":7},"1":{"loc":{"start":{"line":9,"column":4},"end":{"line":9,"column":113}},"type":"if","locations":[{"start":{"line":9,"column":4},"end":{"line":9,"column":113}},{"start":{"line":9,"column":4},"end":{"line":9,"column":113}}],"line":9},"2":{"loc":{"start":{"line":9,"column":8},"end":{"line":9,"column":63}},"type":"binary-expr","locations":[{"start":{"line":9,"column":8},"end":{"line":9,"column":34}},{"start":{"line":9,"column":38},"end":{"line":9,"column":63}}],"line":9},"3":{"loc":{"start":{"line":15,"column":4},"end":{"line":15,"column":75}},"type":"if","locations":[{"start":{"line":15,"column":4},"end":{"line":15,"column":75}},{"start":{"line":15,"column":4},"end":{"line":15,"column":75}}],"line":15},"4":{"loc":{"start":{"line":17,"column":4},"end":{"line":17,"column":113}},"type":"if","locations":[{"start":{"line":17,"column":4},"end":{"line":17,"column":113}},{"start":{"line":17,"column":4},"end":{"line":17,"column":113}}],"line":17},"5":{"loc":{"start":{"line":17,"column":8},"end":{"line":17,"column":63}},"type":"binary-expr","locations":[{"start":{"line":17,"column":8},"end":{"line":17,"column":34}},{"start":{"line":17,"column":38},"end":{"line":17,"column":63}}],"line":17},"6":{"loc":{"start":{"line":23,"column":4},"end":{"line":23,"column":76}},"type":"if","locations":[{"start":{"line":23,"column":4},"end":{"line":23,"column":76}},{"start":{"line":23,"column":4},"end":{"line":23,"column":76}}],"line":23},"7":{"loc":{"start":{"line":25,"column":4},"end":{"line":31,"column":5}},"type":"if","locations":[{"start":{"line":25,"column":4},"end":{"line":31,"column":5}},{"start":{"line":25,"column":4},"end":{"line":31,"column":5}}],"line":25},"8":{"loc":{"start":{"line":26,"column":6},"end":{"line":28,"column":33}},"type":"binary-expr","locations":[{"start":{"line":26,"column":6},"end":{"line":26,"column":31}},{"start":{"line":27,"column":9},"end":{"line":27,"column":34}},{"start":{"line":28,"column":9},"end":{"line":28,"column":33}}],"line":26},"9":{"loc":{"start":{"line":37,"column":4},"end":{"line":37,"column":76}},"type":"if","locations":[{"start":{"line":37,"column":4},"end":{"line":37,"column":76}},{"start":{"line":37,"column":4},"end":{"line":37,"column":76}}],"line":37},"10":{"loc":{"start":{"line":39,"column":4},"end":{"line":44,"column":5}},"type":"if","locations":[{"start":{"line":39,"column":4},"end":{"line":44,"column":5}},{"start":{"line":39,"column":4},"end":{"line":44,"column":5}}],"line":39},"11":{"loc":{"start":{"line":40,"column":6},"end":{"line":41,"column":35}},"type":"binary-expr","locations":[{"start":{"line":40,"column":6},"end":{"line":40,"column":30}},{"start":{"line":41,"column":9},"end":{"line":41,"column":35}}],"line":40}},"s":{"0":16,"1":9,"2":4,"3":5,"4":5,"5":4,"6":1,"7":9,"8":4,"9":5,"10":5,"11":4,"12":1,"13":9,"14":7,"15":2,"16":2,"17":0,"18":2,"19":5,"20":0,"21":5,"22":5,"23":4,"24":1,"25":1},"f":{"0":16,"1":9,"2":9,"3":9,"4":5},"b":{"0":[4,5],"1":[4,1],"2":[5,2],"3":[4,5],"4":[4,1],"5":[5,2],"6":[7,2],"7":[0,2],"8":[2,2,2],"9":[0,5],"10":[4,1],"11":[5,2]},"_coverageSchema":"1a1c01bbd47fc00a2c39e90264f33305004495a9","hash":"33458d56877f1aa97fa8cd605b44f11d33715dfb"}
,"E:\\Learn Folder\\dicoding\\math\\src\\math\\MathBasic.js": {"path":"E:\\Learn Folder\\dicoding\\math\\src\\math\\MathBasic.js","statementMap":{"0":{"start":{"line":1,"column":18},"end":{"line":30,"column":1}},"1":{"start":{"line":3,"column":4},"end":{"line":3,"column":74}},"2":{"start":{"line":3,"column":29},"end":{"line":3,"column":72}},"3":{"start":{"line":4,"column":19},"end":{"line":4,"column":23}},"4":{"start":{"line":5,"column":4},"end":{"line":5,"column":106}},"5":{"start":{"line":5,"column":58},"end":{"line":5,"column":104}},"6":{"start":{"line":7,"column":4},"end":{"line":7,"column":16}},"7":{"start":{"line":10,"column":4},"end":{"line":10,"column":74}},"8":{"start":{"line":10,"column":29},"end":{"line":10,"column":72}},"9":{"start":{"line":11,"column":19},"end":{"line":11,"column":23}},"10":{"start":{"line":12,"column":4},"end":{"line":12,"column":106}},"11":{"start":{"line":12,"column":58},"end":{"line":12,"column":104}},"12":{"start":{"line":14,"column":4},"end":{"line":14,"column":16}},"13":{"start":{"line":17,"column":4},"end":{"line":17,"column":74}},"14":{"start":{"line":17,"column":29},"end":{"line":17,"column":72}},"15":{"start":{"line":18,"column":19},"end":{"line":18,"column":23}},"16":{"start":{"line":19,"column":4},"end":{"line":19,"column":106}},"17":{"start":{"line":19,"column":58},"end":{"line":19,"column":104}},"18":{"start":{"line":21,"column":4},"end":{"line":21,"column":16}},"19":{"start":{"line":24,"column":4},"end":{"line":24,"column":74}},"20":{"start":{"line":24,"column":29},"end":{"line":24,"column":72}},"21":{"start":{"line":25,"column":19},"end":{"line":25,"column":23}},"22":{"start":{"line":26,"column":4},"end":{"line":26,"column":106}},"23":{"start":{"line":26,"column":58},"end":{"line":26,"column":104}},"24":{"start":{"line":28,"column":4},"end":{"line":28,"column":16}},"25":{"start":{"line":32,"column":0},"end":{"line":32,"column":26}}},"fnMap":{"0":{"name":"(anonymous_0)","decl":{"start":{"line":2,"column":7},"end":{"line":2,"column":8}},"loc":{"start":{"line":2,"column":20},"end":{"line":8,"column":3}},"line":2},"1":{"name":"(anonymous_1)","decl":{"start":{"line":9,"column":12},"end":{"line":9,"column":13}},"loc":{"start":{"line":9,"column":25},"end":{"line":15,"column":3}},"line":9},"2":{"name":"(anonymous_2)","decl":{"start":{"line":16,"column":12},"end":{"line":16,"column":13}},"loc":{"start":{"line":16,"column":25},"end":{"line":22,"column":3}},"line":16},"3":{"name":"(anonymous_3)","decl":{"start":{"line":23,"column":10},"end":{"line":23,"column":11}},"loc":{"start":{"line":23,"column":23},"end":{"line":29,"column":3}},"line":23}},"branchMap":{"0":{"loc":{"start":{"line":3,"column":4},"end":{"line":3,"column":74}},"type":"if","locations":[{"start":{"line":3,"column":4},"end":{"line":3,"column":74}},{"start":{"line":3,"column":4},"end":{"line":3,"column":74}}],"line":3},"1":{"loc":{"start":{"line":5,"column":4},"end":{"line":5,"column":106}},"type":"if","locations":[{"start":{"line":5,"column":4},"end":{"line":5,"column":106}},{"start":{"line":5,"column":4},"end":{"line":5,"column":106}}],"line":5},"2":{"loc":{"start":{"line":5,"column":8},"end":{"line":5,"column":54}},"type":"binary-expr","locations":[{"start":{"line":5,"column":8},"end":{"line":5,"column":29}},{"start":{"line":5,"column":33},"end":{"line":5,"column":54}}],"line":5},"3":{"loc":{"start":{"line":10,"column":4},"end":{"line":10,"column":74}},"type":"if","locations":[{"start":{"line":10,"column":4},"end":{"line":10,"column":74}},{"start":{"line":10,"column":4},"end":{"line":10,"column":74}}],"line":10},"4":{"loc":{"start":{"line":12,"column":4},"end":{"line":12,"column":106}},"type":"if","locations":[{"start":{"line":12,"column":4},"end":{"line":12,"column":106}},{"start":{"line":12,"column":4},"end":{"line":12,"column":106}}],"line":12},"5":{"loc":{"start":{"line":12,"column":8},"end":{"line":12,"column":54}},"type":"binary-expr","locations":[{"start":{"line":12,"column":8},"end":{"line":12,"column":29}},{"start":{"line":12,"column":33},"end":{"line":12,"column":54}}],"line":12},"6":{"loc":{"start":{"line":17,"column":4},"end":{"line":17,"column":74}},"type":"if","locations":[{"start":{"line":17,"column":4},"end":{"line":17,"column":74}},{"start":{"line":17,"column":4},"end":{"line":17,"column":74}}],"line":17},"7":{"loc":{"start":{"line":19,"column":4},"end":{"line":19,"column":106}},"type":"if","locations":[{"start":{"line":19,"column":4},"end":{"line":19,"column":106}},{"start":{"line":19,"column":4},"end":{"line":19,"column":106}}],"line":19},"8":{"loc":{"start":{"line":19,"column":8},"end":{"line":19,"column":54}},"type":"binary-expr","locations":[{"start":{"line":19,"column":8},"end":{"line":19,"column":29}},{"start":{"line":19,"column":33},"end":{"line":19,"column":54}}],"line":19},"9":{"loc":{"start":{"line":24,"column":4},"end":{"line":24,"column":74}},"type":"if","locations":[{"start":{"line":24,"column":4},"end":{"line":24,"column":74}},{"start":{"line":24,"column":4},"end":{"line":24,"column":74}}],"line":24},"10":{"loc":{"start":{"line":26,"column":4},"end":{"line":26,"column":106}},"type":"if","locations":[{"start":{"line":26,"column":4},"end":{"line":26,"column":106}},{"start":{"line":26,"column":4},"end":{"line":26,"column":106}}],"line":26},"11":{"loc":{"start":{"line":26,"column":8},"end":{"line":26,"column":54}},"type":"binary-expr","locations":[{"start":{"line":26,"column":8},"end":{"line":26,"column":29}},{"start":{"line":26,"column":33},"end":{"line":26,"column":54}}],"line":26}},"s":{"0":3,"1":17,"2":4,"3":13,"4":13,"5":3,"6":10,"7":11,"8":4,"9":7,"10":7,"11":3,"12":4,"13":17,"14":4,"15":13,"16":13,"17":3,"18":10,"19":13,"20":4,"21":9,"22":9,"23":3,"24":6,"25":3},"f":{"0":17,"1":11,"2":17,"3":13},"b":{"0":[4,13],"1":[3,10],"2":[13,11],"3":[4,7],"4":[3,4],"5":[7,5],"6":[4,13],"7":[3,10],"8":[13,11],"9":[4,9],"10":[3,6],"11":[9,7]},"_coverageSchema":"1a1c01bbd47fc00a2c39e90264f33305004495a9","hash":"a3561588aeb5219be11a1c3f582d8415968f2dd9"}
,"E:\\Learn Folder\\dicoding\\math\\src\\rocket\\Rocket.js": {"path":"E:\\Learn Folder\\dicoding\\math\\src\\rocket\\Rocket.js","statementMap":{"0":{"start":{"line":3,"column":4},"end":{"line":3,"column":20}},"1":{"start":{"line":4,"column":4},"end":{"line":4,"column":29}},"2":{"start":{"line":8,"column":0},"end":{"line":8,"column":23}}},"fnMap":{"0":{"name":"(anonymous_0)","decl":{"start":{"line":2,"column":2},"end":{"line":2,"column":3}},"loc":{"start":{"line":2,"column":20},"end":{"line":5,"column":3}},"line":2}},"branchMap":{},"s":{"0":13,"1":13,"2":1},"f":{"0":13},"b":{},"_coverageSchema":"1a1c01bbd47fc00a2c39e90264f33305004495a9","hash":"53c66ee15b81fbb69fa93d2c55bab7800bc9a8b0"}
,"E:\\Learn Folder\\dicoding\\math\\src\\rocket\\RocketLauncher.js": {"path":"E:\\Learn Folder\\dicoding\\math\\src\\rocket\\RocketLauncher.js","statementMap":{"0":{"start":{"line":3,"column":4},"end":{"line":3,"column":26}},"1":{"start":{"line":4,"column":4},"end":{"line":4,"column":30}},"2":{"start":{"line":8,"column":4},"end":{"line":10,"column":6}},"3":{"start":{"line":9,"column":6},"end":{"line":9,"column":30}},"4":{"start":{"line":12,"column":4},"end":{"line":12,"column":21}},"5":{"start":{"line":16,"column":19},"end":{"line":16,"column":39}},"6":{"start":{"line":17,"column":4},"end":{"line":17,"column":28}},"7":{"start":{"line":21,"column":28},"end":{"line":21,"column":29}},"8":{"start":{"line":22,"column":4},"end":{"line":28,"column":5}},"9":{"start":{"line":23,"column":6},"end":{"line":25,"column":7}},"10":{"start":{"line":24,"column":8},"end":{"line":24,"column":43}},"11":{"start":{"line":27,"column":6},"end":{"line":27,"column":25}},"12":{"start":{"line":30,"column":4},"end":{"line":32,"column":5}},"13":{"start":{"line":31,"column":6},"end":{"line":31,"column":35}},"14":{"start":{"line":34,"column":4},"end":{"line":34,"column":92}},"15":{"start":{"line":38,"column":0},"end":{"line":38,"column":31}}},"fnMap":{"0":{"name":"(anonymous_0)","decl":{"start":{"line":2,"column":2},"end":{"line":2,"column":3}},"loc":{"start":{"line":2,"column":39},"end":{"line":5,"column":3}},"line":2},"1":{"name":"(anonymous_1)","decl":{"start":{"line":7,"column":2},"end":{"line":7,"column":3}},"loc":{"start":{"line":7,"column":21},"end":{"line":13,"column":3}},"line":7},"2":{"name":"(anonymous_2)","decl":{"start":{"line":8,"column":25},"end":{"line":8,"column":26}},"loc":{"start":{"line":8,"column":37},"end":{"line":10,"column":5}},"line":8},"3":{"name":"(anonymous_3)","decl":{"start":{"line":15,"column":2},"end":{"line":15,"column":3}},"loc":{"start":{"line":15,"column":18},"end":{"line":18,"column":3}},"line":15},"4":{"name":"(anonymous_4)","decl":{"start":{"line":20,"column":2},"end":{"line":20,"column":3}},"loc":{"start":{"line":20,"column":27},"end":{"line":35,"column":3}},"line":20}},"branchMap":{"0":{"loc":{"start":{"line":2,"column":25},"end":{"line":2,"column":37}},"type":"default-arg","locations":[{"start":{"line":2,"column":35},"end":{"line":2,"column":37}}],"line":2},"1":{"loc":{"start":{"line":30,"column":4},"end":{"line":32,"column":5}},"type":"if","locations":[{"start":{"line":30,"column":4},"end":{"line":32,"column":5}},{"start":{"line":30,"column":4},"end":{"line":32,"column":5}}],"line":30}},"s":{"0":5,"1":5,"2":1,"3":3,"4":1,"5":1,"6":1,"7":3,"8":3,"9":3,"10":5,"11":2,"12":3,"13":1,"14":2,"15":1},"f":{"0":5,"1":1,"2":3,"3":1,"4":3},"b":{"0":[0],"1":[1,2]},"_coverageSchema":"1a1c01bbd47fc00a2c39e90264f33305004495a9","hash":"9c56a6ed23464667d8668ad45c83e6983dba518d"}
,"E:\\Learn Folder\\dicoding\\math\\src\\rocket\\RocketRepairKit.js": {"path":"E:\\Learn Folder\\dicoding\\math\\src\\rocket\\RocketRepairKit.js","statementMap":{"0":{"start":{"line":3,"column":2},"end":{"line":3,"column":12}},"1":{"start":{"line":4,"column":2},"end":{"line":4,"column":12}},"2":{"start":{"line":5,"column":2},"end":{"line":5,"column":12}},"3":{"start":{"line":9,"column":2},"end":{"line":13,"column":4}},"4":{"start":{"line":10,"column":3},"end":{"line":12,"column":11}},"5":{"start":{"line":11,"column":4},"end":{"line":11,"column":52}},"6":{"start":{"line":17,"column":0},"end":{"line":17,"column":32}}},"fnMap":{"0":{"name":"(anonymous_0)","decl":{"start":{"line":2,"column":1},"end":{"line":2,"column":2}},"loc":{"start":{"line":2,"column":21},"end":{"line":6,"column":2}},"line":2},"1":{"name":"(anonymous_1)","decl":{"start":{"line":8,"column":1},"end":{"line":8,"column":2}},"loc":{"start":{"line":8,"column":16},"end":{"line":14,"column":2}},"line":8},"2":{"name":"(anonymous_2)","decl":{"start":{"line":9,"column":21},"end":{"line":9,"column":22}},"loc":{"start":{"line":9,"column":42},"end":{"line":13,"column":3}},"line":9},"3":{"name":"(anonymous_3)","decl":{"start":{"line":10,"column":14},"end":{"line":10,"column":15}},"loc":{"start":{"line":10,"column":20},"end":{"line":12,"column":4}},"line":10}},"branchMap":{},"s":{"0":1,"1":1,"2":1,"3":2,"4":2,"5":2,"6":1},"f":{"0":1,"1":2,"2":2,"3":2},"b":{},"_coverageSchema":"1a1c01bbd47fc00a2c39e90264f33305004495a9","hash":"be80dfdc549e22d1aba9aacf33dd4da0d00f2e81"}
}
