{"E:\\Learn Folder\\dicoding\\math\\src\\math\\MathBasic.js": {"path":"E:\\Learn Folder\\dicoding\\math\\src\\math\\MathBasic.js","statementMap":{"0":{"start":{"line":1,"column":18},"end":{"line":30,"column":1}},"1":{"start":{"line":3,"column":4},"end":{"line":3,"column":74}},"2":{"start":{"line":3,"column":29},"end":{"line":3,"column":72}},"3":{"start":{"line":4,"column":19},"end":{"line":4,"column":23}},"4":{"start":{"line":5,"column":4},"end":{"line":5,"column":106}},"5":{"start":{"line":5,"column":58},"end":{"line":5,"column":104}},"6":{"start":{"line":7,"column":4},"end":{"line":7,"column":16}},"7":{"start":{"line":10,"column":4},"end":{"line":10,"column":74}},"8":{"start":{"line":10,"column":29},"end":{"line":10,"column":72}},"9":{"start":{"line":11,"column":19},"end":{"line":11,"column":23}},"10":{"start":{"line":12,"column":4},"end":{"line":12,"column":106}},"11":{"start":{"line":12,"column":58},"end":{"line":12,"column":104}},"12":{"start":{"line":14,"column":4},"end":{"line":14,"column":16}},"13":{"start":{"line":17,"column":4},"end":{"line":17,"column":74}},"14":{"start":{"line":17,"column":29},"end":{"line":17,"column":72}},"15":{"start":{"line":18,"column":19},"end":{"line":18,"column":23}},"16":{"start":{"line":19,"column":4},"end":{"line":19,"column":106}},"17":{"start":{"line":19,"column":58},"end":{"line":19,"column":104}},"18":{"start":{"line":21,"column":4},"end":{"line":21,"column":16}},"19":{"start":{"line":24,"column":4},"end":{"line":24,"column":74}},"20":{"start":{"line":24,"column":29},"end":{"line":24,"column":72}},"21":{"start":{"line":25,"column":19},"end":{"line":25,"column":23}},"22":{"start":{"line":26,"column":4},"end":{"line":26,"column":106}},"23":{"start":{"line":26,"column":58},"end":{"line":26,"column":104}},"24":{"start":{"line":28,"column":4},"end":{"line":28,"column":16}},"25":{"start":{"line":32,"column":0},"end":{"line":32,"column":26}}},"fnMap":{"0":{"name":"(anonymous_0)","decl":{"start":{"line":2,"column":7},"end":{"line":2,"column":8}},"loc":{"start":{"line":2,"column":20},"end":{"line":8,"column":3}},"line":2},"1":{"name":"(anonymous_1)","decl":{"start":{"line":9,"column":12},"end":{"line":9,"column":13}},"loc":{"start":{"line":9,"column":25},"end":{"line":15,"column":3}},"line":9},"2":{"name":"(anonymous_2)","decl":{"start":{"line":16,"column":12},"end":{"line":16,"column":13}},"loc":{"start":{"line":16,"column":25},"end":{"line":22,"column":3}},"line":16},"3":{"name":"(anonymous_3)","decl":{"start":{"line":23,"column":10},"end":{"line":23,"column":11}},"loc":{"start":{"line":23,"column":23},"end":{"line":29,"column":3}},"line":23}},"branchMap":{"0":{"loc":{"start":{"line":3,"column":4},"end":{"line":3,"column":74}},"type":"if","locations":[{"start":{"line":3,"column":4},"end":{"line":3,"column":74}},{"start":{},"end":{}}],"line":3},"1":{"loc":{"start":{"line":5,"column":4},"end":{"line":5,"column":106}},"type":"if","locations":[{"start":{"line":5,"column":4},"end":{"line":5,"column":106}},{"start":{},"end":{}}],"line":5},"2":{"loc":{"start":{"line":5,"column":8},"end":{"line":5,"column":54}},"type":"binary-expr","locations":[{"start":{"line":5,"column":8},"end":{"line":5,"column":29}},{"start":{"line":5,"column":33},"end":{"line":5,"column":54}}],"line":5},"3":{"loc":{"start":{"line":10,"column":4},"end":{"line":10,"column":74}},"type":"if","locations":[{"start":{"line":10,"column":4},"end":{"line":10,"column":74}},{"start":{},"end":{}}],"line":10},"4":{"loc":{"start":{"line":12,"column":4},"end":{"line":12,"column":106}},"type":"if","locations":[{"start":{"line":12,"column":4},"end":{"line":12,"column":106}},{"start":{},"end":{}}],"line":12},"5":{"loc":{"start":{"line":12,"column":8},"end":{"line":12,"column":54}},"type":"binary-expr","locations":[{"start":{"line":12,"column":8},"end":{"line":12,"column":29}},{"start":{"line":12,"column":33},"end":{"line":12,"column":54}}],"line":12},"6":{"loc":{"start":{"line":17,"column":4},"end":{"line":17,"column":74}},"type":"if","locations":[{"start":{"line":17,"column":4},"end":{"line":17,"column":74}},{"start":{},"end":{}}],"line":17},"7":{"loc":{"start":{"line":19,"column":4},"end":{"line":19,"column":106}},"type":"if","locations":[{"start":{"line":19,"column":4},"end":{"line":19,"column":106}},{"start":{},"end":{}}],"line":19},"8":{"loc":{"start":{"line":19,"column":8},"end":{"line":19,"column":54}},"type":"binary-expr","locations":[{"start":{"line":19,"column":8},"end":{"line":19,"column":29}},{"start":{"line":19,"column":33},"end":{"line":19,"column":54}}],"line":19},"9":{"loc":{"start":{"line":24,"column":4},"end":{"line":24,"column":74}},"type":"if","locations":[{"start":{"line":24,"column":4},"end":{"line":24,"column":74}},{"start":{},"end":{}}],"line":24},"10":{"loc":{"start":{"line":26,"column":4},"end":{"line":26,"column":106}},"type":"if","locations":[{"start":{"line":26,"column":4},"end":{"line":26,"column":106}},{"start":{},"end":{}}],"line":26},"11":{"loc":{"start":{"line":26,"column":8},"end":{"line":26,"column":54}},"type":"binary-expr","locations":[{"start":{"line":26,"column":8},"end":{"line":26,"column":29}},{"start":{"line":26,"column":33},"end":{"line":26,"column":54}}],"line":26}},"s":{"0":1,"1":10,"2":4,"3":6,"4":6,"5":3,"6":3,"7":10,"8":4,"9":6,"10":6,"11":3,"12":3,"13":10,"14":4,"15":6,"16":6,"17":3,"18":3,"19":10,"20":4,"21":6,"22":6,"23":3,"24":3,"25":1},"f":{"0":10,"1":10,"2":10,"3":10},"b":{"0":[4,6],"1":[3,3],"2":[6,4],"3":[4,6],"4":[3,3],"5":[6,4],"6":[4,6],"7":[3,3],"8":[6,4],"9":[4,6],"10":[3,3],"11":[6,4]},"_coverageSchema":"1a1c01bbd47fc00a2c39e90264f33305004495a9","hash":"87ce9468e1a40ea8b7e540f32efd1203004418b9"}
,"E:\\Learn Folder\\dicoding\\math\\src\\rocket\\Rocket.js": {"path":"E:\\Learn Folder\\dicoding\\math\\src\\rocket\\Rocket.js","statementMap":{"0":{"start":{"line":3,"column":4},"end":{"line":3,"column":20}},"1":{"start":{"line":4,"column":4},"end":{"line":4,"column":29}},"2":{"start":{"line":8,"column":0},"end":{"line":8,"column":23}}},"fnMap":{"0":{"name":"(anonymous_0)","decl":{"start":{"line":2,"column":2},"end":{"line":2,"column":3}},"loc":{"start":{"line":2,"column":20},"end":{"line":5,"column":3}},"line":2}},"branchMap":{},"s":{"0":13,"1":13,"2":1},"f":{"0":13},"b":{},"_coverageSchema":"1a1c01bbd47fc00a2c39e90264f33305004495a9","hash":"53c66ee15b81fbb69fa93d2c55bab7800bc9a8b0"}
,"E:\\Learn Folder\\dicoding\\math\\src\\rocket\\RocketLauncher.js": {"path":"E:\\Learn Folder\\dicoding\\math\\src\\rocket\\RocketLauncher.js","statementMap":{"0":{"start":{"line":3,"column":4},"end":{"line":3,"column":26}},"1":{"start":{"line":4,"column":4},"end":{"line":4,"column":30}},"2":{"start":{"line":8,"column":4},"end":{"line":10,"column":6}},"3":{"start":{"line":9,"column":6},"end":{"line":9,"column":25}},"4":{"start":{"line":12,"column":4},"end":{"line":12,"column":21}},"5":{"start":{"line":16,"column":19},"end":{"line":16,"column":39}},"6":{"start":{"line":17,"column":4},"end":{"line":17,"column":29}},"7":{"start":{"line":21,"column":28},"end":{"line":21,"column":29}},"8":{"start":{"line":22,"column":4},"end":{"line":28,"column":5}},"9":{"start":{"line":23,"column":6},"end":{"line":25,"column":7}},"10":{"start":{"line":24,"column":8},"end":{"line":24,"column":43}},"11":{"start":{"line":27,"column":6},"end":{"line":27,"column":25}},"12":{"start":{"line":30,"column":4},"end":{"line":32,"column":5}},"13":{"start":{"line":31,"column":6},"end":{"line":31,"column":35}},"14":{"start":{"line":34,"column":4},"end":{"line":34,"column":92}},"15":{"start":{"line":38,"column":0},"end":{"line":38,"column":31}}},"fnMap":{"0":{"name":"(anonymous_0)","decl":{"start":{"line":2,"column":2},"end":{"line":2,"column":3}},"loc":{"start":{"line":2,"column":39},"end":{"line":5,"column":3}},"line":2},"1":{"name":"(anonymous_1)","decl":{"start":{"line":7,"column":2},"end":{"line":7,"column":3}},"loc":{"start":{"line":7,"column":21},"end":{"line":13,"column":3}},"line":7},"2":{"name":"(anonymous_2)","decl":{"start":{"line":8,"column":25},"end":{"line":8,"column":26}},"loc":{"start":{"line":8,"column":32},"end":{"line":10,"column":5}},"line":8},"3":{"name":"(anonymous_3)","decl":{"start":{"line":15,"column":2},"end":{"line":15,"column":3}},"loc":{"start":{"line":15,"column":17},"end":{"line":18,"column":3}},"line":15},"4":{"name":"(anonymous_4)","decl":{"start":{"line":20,"column":2},"end":{"line":20,"column":3}},"loc":{"start":{"line":20,"column":26},"end":{"line":35,"column":3}},"line":20}},"branchMap":{"0":{"loc":{"start":{"line":2,"column":25},"end":{"line":2,"column":37}},"type":"default-arg","locations":[{"start":{"line":2,"column":35},"end":{"line":2,"column":37}}],"line":2},"1":{"loc":{"start":{"line":30,"column":4},"end":{"line":32,"column":5}},"type":"if","locations":[{"start":{"line":30,"column":4},"end":{"line":32,"column":5}},{"start":{},"end":{}}],"line":30}},"s":{"0":5,"1":5,"2":1,"3":3,"4":1,"5":1,"6":1,"7":3,"8":3,"9":3,"10":5,"11":2,"12":3,"13":1,"14":2,"15":1},"f":{"0":5,"1":1,"2":3,"3":1,"4":3},"b":{"0":[0],"1":[1,2]},"_coverageSchema":"1a1c01bbd47fc00a2c39e90264f33305004495a9","hash":"2a3a96843c0fe67c7e0424b93ee055471eef94ba"}
,"E:\\Learn Folder\\dicoding\\math\\src\\rocket\\RocketRepairKit.js": {"path":"E:\\Learn Folder\\dicoding\\math\\src\\rocket\\RocketRepairKit.js","statementMap":{"0":{"start":{"line":3,"column":2},"end":{"line":3,"column":12}},"1":{"start":{"line":4,"column":2},"end":{"line":4,"column":12}},"2":{"start":{"line":5,"column":2},"end":{"line":5,"column":12}},"3":{"start":{"line":9,"column":2},"end":{"line":13,"column":4}},"4":{"start":{"line":10,"column":3},"end":{"line":12,"column":11}},"5":{"start":{"line":11,"column":4},"end":{"line":11,"column":52}},"6":{"start":{"line":17,"column":0},"end":{"line":17,"column":32}}},"fnMap":{"0":{"name":"(anonymous_0)","decl":{"start":{"line":2,"column":1},"end":{"line":2,"column":2}},"loc":{"start":{"line":2,"column":21},"end":{"line":6,"column":2}},"line":2},"1":{"name":"(anonymous_1)","decl":{"start":{"line":8,"column":1},"end":{"line":8,"column":2}},"loc":{"start":{"line":8,"column":16},"end":{"line":14,"column":2}},"line":8},"2":{"name":"(anonymous_2)","decl":{"start":{"line":9,"column":21},"end":{"line":9,"column":22}},"loc":{"start":{"line":9,"column":42},"end":{"line":13,"column":3}},"line":9},"3":{"name":"(anonymous_3)","decl":{"start":{"line":10,"column":14},"end":{"line":10,"column":15}},"loc":{"start":{"line":10,"column":20},"end":{"line":12,"column":4}},"line":10}},"branchMap":{},"s":{"0":1,"1":1,"2":1,"3":2,"4":2,"5":2,"6":1},"f":{"0":1,"1":2,"2":2,"3":2},"b":{},"_coverageSchema":"1a1c01bbd47fc00a2c39e90264f33305004495a9","hash":"be80dfdc549e22d1aba9aacf33dd4da0d00f2e81"}
}
