TN:
SF:src\api\CreateServer.js
FN:3,(anonymous_0)
FN:13,(anonymous_1)
FN:23,(anonymous_2)
FN:33,(anonymous_3)
FN:43,(anonymous_4)
FN:53,(anonymous_5)
FN:63,(anonymous_6)
FN:73,(anonymous_7)
FN:87,(anonymous_8)
FNF:9
FNH:9
FNDA:8,(anonymous_0)
FNDA:1,(anonymous_1)
FNDA:1,(anonymous_2)
FNDA:1,(anonymous_3)
FNDA:1,(anonymous_4)
FNDA:1,(anonymous_5)
FNDA:1,(anonymous_6)
FNDA:1,(anonymous_7)
FNDA:1,(anonymous_8)
DA:1,1
DA:3,1
DA:4,8
DA:9,8
DA:14,1
DA:15,1
DA:17,1
DA:24,1
DA:25,1
DA:27,1
DA:34,1
DA:35,1
DA:37,1
DA:44,1
DA:45,1
DA:47,1
DA:54,1
DA:55,1
DA:57,1
DA:64,1
DA:65,1
DA:67,1
DA:74,1
DA:75,1
DA:81,1
DA:88,1
DA:89,1
DA:91,1
DA:96,8
DA:99,1
LF:30
LH:30
BRF:0
BRH:0
end_of_record
TN:
SF:src\geometry\FigureCalculator.js
FN:2,(anonymous_0)
FN:6,(anonymous_1)
FN:14,(anonymous_2)
FN:22,(anonymous_3)
FN:36,(anonymous_4)
FNF:5
FNH:5
FNDA:20,(anonymous_0)
FNDA:10,(anonymous_1)
FNDA:10,(anonymous_2)
FNDA:10,(anonymous_3)
FNDA:6,(anonymous_4)
DA:3,20
DA:7,10
DA:8,6
DA:9,6
DA:11,2
DA:15,10
DA:16,6
DA:17,6
DA:19,2
DA:23,10
DA:24,3
DA:25,3
DA:30,0
DA:33,3
DA:37,6
DA:38,6
DA:39,6
DA:43,4
DA:46,2
DA:50,2
LF:20
LH:19
BRDA:7,0,0,4
BRDA:7,0,1,6
BRDA:9,1,0,4
BRDA:9,1,1,2
BRDA:9,2,0,6
BRDA:9,2,1,3
BRDA:15,3,0,4
BRDA:15,3,1,6
BRDA:17,4,0,4
BRDA:17,4,1,2
BRDA:17,5,0,6
BRDA:17,5,1,3
BRDA:23,6,0,7
BRDA:23,6,1,3
BRDA:25,7,0,0
BRDA:25,7,1,3
BRDA:26,8,0,3
BRDA:26,8,1,3
BRDA:26,8,2,3
BRDA:37,9,0,0
BRDA:37,9,1,6
BRDA:39,10,0,4
BRDA:39,10,1,2
BRDA:40,11,0,6
BRDA:40,11,1,3
BRF:25
BRH:23
end_of_record
TN:
SF:src\math\MathBasic.js
FN:2,(anonymous_0)
FN:9,(anonymous_1)
FN:16,(anonymous_2)
FN:23,(anonymous_3)
FNF:4
FNH:4
FNDA:17,(anonymous_0)
FNDA:11,(anonymous_1)
FNDA:17,(anonymous_2)
FNDA:13,(anonymous_3)
DA:1,3
DA:3,17
DA:4,13
DA:5,13
DA:7,10
DA:10,11
DA:11,7
DA:12,7
DA:14,4
DA:17,17
DA:18,13
DA:19,13
DA:21,10
DA:24,13
DA:25,9
DA:26,9
DA:28,6
DA:32,3
LF:18
LH:18
BRDA:3,0,0,4
BRDA:3,0,1,13
BRDA:5,1,0,3
BRDA:5,1,1,10
BRDA:5,2,0,13
BRDA:5,2,1,11
BRDA:10,3,0,4
BRDA:10,3,1,7
BRDA:12,4,0,3
BRDA:12,4,1,4
BRDA:12,5,0,7
BRDA:12,5,1,5
BRDA:17,6,0,4
BRDA:17,6,1,13
BRDA:19,7,0,3
BRDA:19,7,1,10
BRDA:19,8,0,13
BRDA:19,8,1,11
BRDA:24,9,0,4
BRDA:24,9,1,9
BRDA:26,10,0,3
BRDA:26,10,1,6
BRDA:26,11,0,9
BRDA:26,11,1,7
BRF:24
BRH:24
end_of_record
TN:
SF:src\rocket\Rocket.js
FN:2,(anonymous_0)
FNF:1
FNH:1
FNDA:13,(anonymous_0)
DA:3,13
DA:4,13
DA:8,1
LF:3
LH:3
BRF:0
BRH:0
end_of_record
TN:
SF:src\rocket\RocketLauncher.js
FN:2,(anonymous_0)
FN:7,(anonymous_1)
FN:8,(anonymous_2)
FN:15,(anonymous_3)
FN:20,(anonymous_4)
FNF:5
FNH:5
FNDA:5,(anonymous_0)
FNDA:1,(anonymous_1)
FNDA:3,(anonymous_2)
FNDA:1,(anonymous_3)
FNDA:3,(anonymous_4)
DA:3,5
DA:4,5
DA:8,1
DA:9,3
DA:12,1
DA:16,1
DA:17,1
DA:21,3
DA:22,3
DA:23,3
DA:24,5
DA:27,2
DA:30,3
DA:31,1
DA:34,2
DA:38,1
LF:16
LH:16
BRDA:2,0,0,0
BRDA:30,1,0,1
BRDA:30,1,1,2
BRF:3
BRH:2
end_of_record
TN:
SF:src\rocket\RocketRepairKit.js
FN:2,(anonymous_0)
FN:8,(anonymous_1)
FN:9,(anonymous_2)
FN:10,(anonymous_3)
FNF:4
FNH:4
FNDA:1,(anonymous_0)
FNDA:2,(anonymous_1)
FNDA:2,(anonymous_2)
FNDA:2,(anonymous_3)
DA:3,1
DA:4,1
DA:5,1
DA:9,2
DA:10,2
DA:11,2
DA:17,1
LF:7
LH:7
BRF:0
BRH:0
end_of_record
