TN:
SF:src\math\MathBasic.js
FN:2,(anonymous_0)
FN:9,(anonymous_1)
FN:16,(anonymous_2)
FN:23,(anonymous_3)
FNF:4
FNH:4
FNDA:10,(anonymous_0)
FNDA:10,(anonymous_1)
FNDA:10,(anonymous_2)
FNDA:10,(anonymous_3)
DA:1,1
DA:3,10
DA:4,6
DA:5,6
DA:7,3
DA:10,10
DA:11,6
DA:12,6
DA:14,3
DA:17,10
DA:18,6
DA:19,6
DA:21,3
DA:24,10
DA:25,6
DA:26,6
DA:28,3
DA:32,1
LF:18
LH:18
BRDA:3,0,0,4
BRDA:3,0,1,6
BRDA:5,1,0,3
BRDA:5,1,1,3
BRDA:5,2,0,6
BRDA:5,2,1,4
BRDA:10,3,0,4
BRDA:10,3,1,6
BRDA:12,4,0,3
BRDA:12,4,1,3
BRDA:12,5,0,6
BRDA:12,5,1,4
BRDA:17,6,0,4
BRDA:17,6,1,6
BRDA:19,7,0,3
BRDA:19,7,1,3
BRDA:19,8,0,6
BRDA:19,8,1,4
BRDA:24,9,0,4
BRDA:24,9,1,6
BRDA:26,10,0,3
BRDA:26,10,1,3
BRDA:26,11,0,6
BRDA:26,11,1,4
BRF:24
BRH:24
end_of_record
TN:
SF:src\rocket\Rocket.js
FN:2,(anonymous_0)
FNF:1
FNH:1
FNDA:6,(anonymous_0)
DA:3,6
DA:4,6
DA:8,1
LF:3
LH:3
BRF:0
BRH:0
end_of_record
TN:
SF:src\rocket\RocketLauncher.js
FN:2,(anonymous_0)
FN:6,(anonymous_1)
FN:7,(anonymous_2)
FN:14,(anonymous_3)
FNF:4
FNH:4
FNDA:2,(anonymous_0)
FNDA:1,(anonymous_1)
FNDA:3,(anonymous_2)
FNDA:1,(anonymous_3)
DA:3,2
DA:7,1
DA:8,3
DA:11,1
DA:15,1
DA:16,1
DA:20,1
LF:7
LH:7
BRDA:2,0,0,0
BRF:1
BRH:0
end_of_record
